<?xml version="1.0" encoding="UTF-8"?>
<testng-results skipped="0" failed="0" ignored="0" total="2" passed="2">
  <reporter-output>
  </reporter-output>
  <suite name="Default suite" duration-ms="105" started-at="2019-12-09T20:48:21 IST" finished-at="2019-12-09T20:48:21 IST">
    <groups>
    </groups>
    <test name="Default test" duration-ms="105" started-at="2019-12-09T20:48:21 IST" finished-at="2019-12-09T20:48:21 IST">
      <class name="com.sample.pages.FirstTest">
        <test-method status="PASS" signature="login()[pri:0, instance:com.sample.pages.FirstTest@31dc339b]" name="login" duration-ms="18" started-at="2019-12-09T20:48:21 IST" finished-at="2019-12-09T20:48:21 IST">
          <reporter-output>
          </reporter-output>
        </test-method> <!-- login -->
        <test-method status="PASS" signature="signIn()[pri:0, instance:com.sample.pages.FirstTest@31dc339b]" name="signIn" duration-ms="2" started-at="2019-12-09T20:48:21 IST" finished-at="2019-12-09T20:48:21 IST">
          <reporter-output>
          </reporter-output>
        </test-method> <!-- signIn -->
      </class> <!-- com.sample.pages.FirstTest -->
    </test> <!-- Default test -->
  </suite> <!-- Default suite -->
</testng-results>
