<?xml version="1.0" encoding="UTF-8"?>
<!-- Generated by org.testng.reporters.JUnitXMLReporter -->
<testsuite hostname="DESKTOP-TQCK3U4" ignored="0" name="Test" tests="6" failures="0" timestamp="2019-12-19T12:47:45 IST" time="0.135" errors="0">
  <testcase name="login" time="0.021" classname="com.sample.pages.Sample"/>
  <testcase name="test" time="0.005" classname="com.sample.pages.Sample"/>
  <testcase name="login" time="0.0" classname="com.sample.pages.LoginTest"/>
  <testcase name="signIn" time="0.004" classname="com.sample.pages.LoginTest"/>
  <testcase name="log" time="0.004" classname="com.sample.pages.LogoutTest"/>
  <testcase name="logout" time="0.002" classname="com.sample.pages.LogoutTest"/>
</testsuite> <!-- Test -->
