<?xml version="1.0" encoding="UTF-8"?>
<testng-results skipped="0" failed="0" ignored="3" total="6" passed="3">
  <reporter-output>
  </reporter-output>
  <suite name="Suite" duration-ms="91" started-at="2019-12-17T10:21:34 IST" finished-at="2019-12-17T10:21:34 IST">
    <groups>
    </groups>
    <test name="Test" duration-ms="91" started-at="2019-12-17T10:21:34 IST" finished-at="2019-12-17T10:21:34 IST">
      <class name="com.automation.pages.SampleClass">
        <test-method status="PASS" signature="loginAndLogoutTest()[pri:0, instance:com.automation.pages.SampleClass@31610302]" name="loginAndLogoutTest" duration-ms="14" started-at="2019-12-17T10:21:34 IST" finished-at="2019-12-17T10:21:34 IST">
          <reporter-output>
          </reporter-output>
        </test-method> <!-- loginAndLogoutTest -->
        <test-method status="PASS" signature="loginMethod()[pri:0, instance:com.automation.pages.SampleClass@31610302]" name="loginMethod" duration-ms="0" started-at="2019-12-17T10:21:34 IST" finished-at="2019-12-17T10:21:34 IST">
          <reporter-output>
          </reporter-output>
        </test-method> <!-- loginMethod -->
        <test-method status="PASS" signature="loginTest()[pri:0, instance:com.automation.pages.SampleClass@31610302]" name="loginTest" duration-ms="4" started-at="2019-12-17T10:21:34 IST" finished-at="2019-12-17T10:21:34 IST">
          <reporter-output>
          </reporter-output>
        </test-method> <!-- loginTest -->
      </class> <!-- com.automation.pages.SampleClass -->
    </test> <!-- Test -->
  </suite> <!-- Suite -->
</testng-results>
