<?xml version="1.0" encoding="UTF-8"?>
<!-- Generated by org.testng.reporters.JUnitXMLReporter -->
<testsuite hostname="DESKTOP-TQCK3U4" ignored="3" name="Test" tests="3" failures="0" timestamp="2019-12-17T10:21:34 IST" time="0.091" errors="0">
  <testcase name="loginAndLogoutTest" time="0.014" classname="com.automation.pages.SampleClass"/>
  <testcase name="loginMethod" time="0.0" classname="com.automation.pages.SampleClass"/>
  <testcase name="loginTest" time="0.004" classname="com.automation.pages.SampleClass"/>
  <testcase name="userVerification" time="0.0" classname="com.automation.pages.SampleClass">
    <ignored/>
  </testcase> <!-- userVerification -->
  <testcase name="logoutTest" time="0.0" classname="com.automation.pages.SampleClass">
    <ignored/>
  </testcase> <!-- logoutTest -->
  <testcase name="signInTest" time="0.0" classname="com.automation.pages.SampleClass">
    <ignored/>
  </testcase> <!-- signInTest -->
</testsuite> <!-- Test -->
