<?xml version="1.0" encoding="UTF-8"?>
<testng-results skipped="0" failed="0" ignored="0" total="1" passed="1">
  <reporter-output>
  </reporter-output>
  <suite name="Default suite" duration-ms="4497" started-at="2019-12-29T17:01:41 IST" finished-at="2019-12-29T17:01:46 IST">
    <groups>
    </groups>
    <test name="Default test" duration-ms="4497" started-at="2019-12-29T17:01:41 IST" finished-at="2019-12-29T17:01:46 IST">
      <class name="com.listenerdemo.pages.Login">
        <test-method status="PASS" signature="login()[pri:0, instance:com.listenerdemo.pages.Login@4b0d79fc]" name="login" duration-ms="4312" started-at="2019-12-29T17:01:42 IST" finished-at="2019-12-29T17:01:46 IST">
          <reporter-output>
          </reporter-output>
        </test-method> <!-- login -->
      </class> <!-- com.listenerdemo.pages.Login -->
    </test> <!-- Default test -->
  </suite> <!-- Default suite -->
</testng-results>
